e:\belgelerım\tahır\dersnotları\wales 2nd year\ssnew\readyforsubmıssıon\project1\project1\debug\vc140.pdb
e:\belgelerım\tahır\dersnotları\wales 2nd year\ssnew\readyforsubmıssıon\project1\project1\debug\vc140.ıdb
e:\belgelerım\tahır\dersnotları\wales 2nd year\ssnew\readyforsubmıssıon\project1\project1\debug\authentıcatıonınfo.obj
e:\belgelerım\tahır\dersnotları\wales 2nd year\ssnew\readyforsubmıssıon\project1\project1\debug\authentıcator.obj
e:\belgelerım\tahır\dersnotları\wales 2nd year\ssnew\readyforsubmıssıon\project1\project1\debug\devıce.obj
e:\belgelerım\tahır\dersnotları\wales 2nd year\ssnew\readyforsubmıssıon\project1\project1\debug\devıceınterface.obj
e:\belgelerım\tahır\dersnotları\wales 2nd year\ssnew\readyforsubmıssıon\project1\project1\debug\humıdıtysensor.obj
e:\belgelerım\tahır\dersnotları\wales 2nd year\ssnew\readyforsubmıssıon\project1\project1\debug\maın.obj
e:\belgelerım\tahır\dersnotları\wales 2nd year\ssnew\readyforsubmıssıon\project1\project1\debug\permıssıon.obj
e:\belgelerım\tahır\dersnotları\wales 2nd year\ssnew\readyforsubmıssıon\project1\project1\debug\pressuresensor.obj
e:\belgelerım\tahır\dersnotları\wales 2nd year\ssnew\readyforsubmıssıon\project1\project1\debug\proofofıd.obj
e:\belgelerım\tahır\dersnotları\wales 2nd year\ssnew\readyforsubmıssıon\project1\project1\debug\resource.obj
e:\belgelerım\tahır\dersnotları\wales 2nd year\ssnew\readyforsubmıssıon\project1\project1\debug\resourcefactory.obj
e:\belgelerım\tahır\dersnotları\wales 2nd year\ssnew\readyforsubmıssıon\project1\project1\debug\sensor.obj
e:\belgelerım\tahır\dersnotları\wales 2nd year\ssnew\readyforsubmıssıon\project1\project1\debug\subject.obj
e:\belgelerım\tahır\dersnotları\wales 2nd year\ssnew\readyforsubmıssıon\project1\project1\debug\temperaturesensor.obj
e:\belgelerım\tahır\dersnotları\wales 2nd year\ssnew\readyforsubmıssıon\project1\debug\project1.ılk
e:\belgelerım\tahır\dersnotları\wales 2nd year\ssnew\readyforsubmıssıon\project1\debug\project1.exe
e:\belgelerım\tahır\dersnotları\wales 2nd year\ssnew\readyforsubmıssıon\project1\debug\project1.pdb
e:\belgelerim\tahir\dersnotları\wales 2nd year\ssnew\readyforsubmission\project1\project1\debug\authenticationınfo.obj
e:\belgelerim\tahir\dersnotları\wales 2nd year\ssnew\readyforsubmission\project1\project1\debug\authenticator.obj
e:\belgelerim\tahir\dersnotları\wales 2nd year\ssnew\readyforsubmission\project1\project1\debug\device.obj
e:\belgelerim\tahir\dersnotları\wales 2nd year\ssnew\readyforsubmission\project1\project1\debug\deviceınterface.obj
e:\belgelerim\tahir\dersnotları\wales 2nd year\ssnew\readyforsubmission\project1\project1\debug\humiditysensor.obj
e:\belgelerim\tahir\dersnotları\wales 2nd year\ssnew\readyforsubmission\project1\project1\debug\main.obj
e:\belgelerim\tahir\dersnotları\wales 2nd year\ssnew\readyforsubmission\project1\project1\debug\permission.obj
e:\belgelerim\tahir\dersnotları\wales 2nd year\ssnew\readyforsubmission\project1\project1\debug\pressuresensor.obj
e:\belgelerim\tahir\dersnotları\wales 2nd year\ssnew\readyforsubmission\project1\project1\debug\proofofıd.obj
e:\belgelerim\tahir\dersnotları\wales 2nd year\ssnew\readyforsubmission\project1\project1\debug\resource.obj
e:\belgelerim\tahir\dersnotları\wales 2nd year\ssnew\readyforsubmission\project1\project1\debug\resourcefactory.obj
e:\belgelerim\tahir\dersnotları\wales 2nd year\ssnew\readyforsubmission\project1\project1\debug\sensor.obj
e:\belgelerim\tahir\dersnotları\wales 2nd year\ssnew\readyforsubmission\project1\project1\debug\subject.obj
e:\belgelerim\tahir\dersnotları\wales 2nd year\ssnew\readyforsubmission\project1\project1\debug\temperaturesensor.obj
e:\belgelerim\tahir\dersnotları\wales 2nd year\ssnew\readyforsubmission\project1\project1\debug\nativecodeanalysis.read.1.tlog
e:\belgelerim\tahir\dersnotları\wales 2nd year\ssnew\readyforsubmission\project1\project1\debug\vc140.idb
e:\belgelerim\tahir\dersnotları\wales 2nd year\ssnew\readyforsubmission\project1\project1\debug\vc140.pdb
e:\belgelerim\tahir\dersnotları\wales 2nd year\ssnew\readyforsubmission\project1\project1\debug\authenticationinfo.nativecodeanalysis.xml
e:\belgelerim\tahir\dersnotları\wales 2nd year\ssnew\readyforsubmission\project1\project1\debug\authenticator.nativecodeanalysis.xml
e:\belgelerim\tahir\dersnotları\wales 2nd year\ssnew\readyforsubmission\project1\project1\debug\device.nativecodeanalysis.xml
e:\belgelerim\tahir\dersnotları\wales 2nd year\ssnew\readyforsubmission\project1\project1\debug\deviceinterface.nativecodeanalysis.xml
e:\belgelerim\tahir\dersnotları\wales 2nd year\ssnew\readyforsubmission\project1\project1\debug\humiditysensor.nativecodeanalysis.xml
e:\belgelerim\tahir\dersnotları\wales 2nd year\ssnew\readyforsubmission\project1\project1\debug\main.nativecodeanalysis.xml
e:\belgelerim\tahir\dersnotları\wales 2nd year\ssnew\readyforsubmission\project1\project1\debug\permission.nativecodeanalysis.xml
e:\belgelerim\tahir\dersnotları\wales 2nd year\ssnew\readyforsubmission\project1\project1\debug\pressuresensor.nativecodeanalysis.xml
e:\belgelerim\tahir\dersnotları\wales 2nd year\ssnew\readyforsubmission\project1\project1\debug\proofofid.nativecodeanalysis.xml
e:\belgelerim\tahir\dersnotları\wales 2nd year\ssnew\readyforsubmission\project1\project1\debug\resource.nativecodeanalysis.xml
e:\belgelerim\tahir\dersnotları\wales 2nd year\ssnew\readyforsubmission\project1\project1\debug\resourcefactory.nativecodeanalysis.xml
e:\belgelerim\tahir\dersnotları\wales 2nd year\ssnew\readyforsubmission\project1\project1\debug\sensor.nativecodeanalysis.xml
e:\belgelerim\tahir\dersnotları\wales 2nd year\ssnew\readyforsubmission\project1\project1\debug\subject.nativecodeanalysis.xml
e:\belgelerim\tahir\dersnotları\wales 2nd year\ssnew\readyforsubmission\project1\project1\debug\temperaturesensor.nativecodeanalysis.xml
e:\belgelerim\tahir\dersnotları\wales 2nd year\ssnew\readyforsubmission\project1\project1\debug\vc.nativecodeanalysis.all.xml
e:\belgelerim\tahir\dersnotları\wales 2nd year\ssnew\readyforsubmission\project1\debug\project1.pdb
e:\belgelerim\tahir\dersnotları\wales 2nd year\ssnew\readyforsubmission\project1\debug\project1.exe
e:\belgelerim\tahir\dersnotları\wales 2nd year\ssnew\readyforsubmission\project1\debug\project1.ilk
e:\belgelerim\tahir\dersnotları\wales 2nd year\ssnew\readyforsubmission\project1\debug\project1.exe.lastcodeanalysissucceeded
e:\belgelerim\tahir\dersnotları\wales 2nd year\ssnew\readyforsubmission\project1\project1\debug\project1.tlog\cl.command.1.tlog
e:\belgelerim\tahir\dersnotları\wales 2nd year\ssnew\readyforsubmission\project1\project1\debug\project1.tlog\cl.read.1.tlog
e:\belgelerim\tahir\dersnotları\wales 2nd year\ssnew\readyforsubmission\project1\project1\debug\project1.tlog\cl.write.1.tlog
e:\belgelerim\tahir\dersnotları\wales 2nd year\ssnew\readyforsubmission\project1\project1\debug\project1.tlog\link.command.1.tlog
e:\belgelerim\tahir\dersnotları\wales 2nd year\ssnew\readyforsubmission\project1\project1\debug\project1.tlog\link.read.1.tlog
e:\belgelerim\tahir\dersnotları\wales 2nd year\ssnew\readyforsubmission\project1\project1\debug\project1.tlog\link.write.1.tlog
